#
# A fatal error has been detected by the Java Runtime Environment:
#
#  Internal Error (javaCalls.cpp:51), pid=1112, tid=0x000000000000a638
#  guarantee(thread->is_Java_thread()) failed: crucial check - the VM thread cannot and must not escape to Java code
#
# JRE version: Java(TM) SE Runtime Environment (8.0_311-b11) (build 1.8.0_311-b11)
# Java VM: Java HotSpot(TM) 64-Bit Server VM (25.311-b11 mixed mode windows-amd64 compressed oops)
# Failed to write core dump. Minidumps are not enabled by default on client versions of Windows
#
# If you would like to submit a bug report, please visit:
#   http://bugreport.java.com/bugreport/crash.jsp
#

---------------  T H R E A D  ---------------

Current thread (0x00000212a7fb3800):  GCTaskThread [stack: 0x000000ac0cc00000,0x000000ac0cd00000] [id=42552]

Stack: [0x000000ac0cc00000,0x000000ac0cd00000]
Native frames: (J=compiled Java code, j=interpreted, Vv=VM code, C=native code)
V  [jvm.dll+0x32f239]
V  [jvm.dll+0x275882]
V  [jvm.dll+0x27652d]
V  [jvm.dll+0x26cee7]
V  [jvm.dll+0x20b0ed]
V  [jvm.dll+0x20b737]
V  [jvm.dll+0x32f152]
V  [jvm.dll+0x20bd61]
V  [jvm.dll+0x26e135]
V  [jvm.dll+0x26e37d]
V  [jvm.dll+0x26e4c9]
V  [jvm.dll+0x10b118]
V  [jvm.dll+0x107536]
V  [jvm.dll+0x1068eb]
V  [jvm.dll+0x105baa]
V  [jvm.dll+0xcd4db]
V  [jvm.dll+0xcdf73]
V  [jvm.dll+0x1129b4]
V  [jvm.dll+0x135cb0]
V  [jvm.dll+0x205e79]
V  [jvm.dll+0x20578b]
V  [jvm.dll+0x23c2cf]
V  [jvm.dll+0x3d6f8a]
V  [jvm.dll+0x3c56d9]
V  [jvm.dll+0x29253c]
C  [ucrtbase.dll+0x21bb2]
C  [KERNEL32.DLL+0x17034]
C  [ntdll.dll+0x52651]

JavaThread 0x00000212a7f95800 (nid = 25084) was being processed
Java frames: (J=compiled Java code, j=interpreted, Vv=VM code)
j  com.akhilexpress.hibernate.hibernate_first_project.CreatedApp.main([Ljava/lang/String;)V+27
v  ~StubRoutines::call_stub

---------------  P R O C E S S  ---------------

Java Threads: ( => current thread )
  0x00000212cf2f2000 JavaThread "Hibernate Connection Pool Validation Thread" daemon [_thread_blocked, id=20840, stack(0x000000ac0de00000,0x000000ac0df00000)]
  0x00000212cf0cc000 JavaThread "mysql-cj-abandoned-connection-cleanup" daemon [_thread_blocked, id=39756, stack(0x000000ac0dd00000,0x000000ac0de00000)]
  0x00000212ccd3e800 JavaThread "Service Thread" daemon [_thread_blocked, id=13184, stack(0x000000ac0db00000,0x000000ac0dc00000)]
  0x00000212ccd0a000 JavaThread "C1 CompilerThread3" daemon [_thread_blocked, id=28696, stack(0x000000ac0da00000,0x000000ac0db00000)]
  0x00000212cccf1800 JavaThread "C2 CompilerThread2" daemon [_thread_blocked, id=33524, stack(0x000000ac0d900000,0x000000ac0da00000)]
  0x00000212cccec800 JavaThread "C2 CompilerThread1" daemon [_thread_blocked, id=16692, stack(0x000000ac0d800000,0x000000ac0d900000)]
  0x00000212ccce9000 JavaThread "C2 CompilerThread0" daemon [_thread_blocked, id=41240, stack(0x000000ac0d700000,0x000000ac0d800000)]
  0x00000212cccdc000 JavaThread "JDWP Command Reader" daemon [_thread_in_native, id=33564, stack(0x000000ac0d600000,0x000000ac0d700000)]
  0x00000212cccd6000 JavaThread "JDWP Event Helper Thread" daemon [_thread_blocked, id=35120, stack(0x000000ac0d500000,0x000000ac0d600000)]
  0x00000212cccd1000 JavaThread "JDWP Transport Listener: dt_socket" daemon [_thread_blocked, id=25576, stack(0x000000ac0d400000,0x000000ac0d500000)]
  0x00000212cccad800 JavaThread "Attach Listener" daemon [_thread_blocked, id=27984, stack(0x000000ac0d300000,0x000000ac0d400000)]
  0x00000212cccac800 JavaThread "Signal Dispatcher" daemon [_thread_blocked, id=37608, stack(0x000000ac0d200000,0x000000ac0d300000)]
  0x00000212ccc90800 JavaThread "Finalizer" daemon [_thread_blocked, id=34828, stack(0x000000ac0d100000,0x000000ac0d200000)]
  0x00000212cc07c000 JavaThread "Reference Handler" daemon [_thread_blocked, id=20280, stack(0x000000ac0d000000,0x000000ac0d100000)]
  0x00000212a7f95800 JavaThread "main" [_thread_blocked, id=25084, stack(0x000000ac0c600000,0x000000ac0c700000)]

Other Threads:
  0x00000212ccc62800 VMThread [stack: 0x000000ac0cf00000,0x000000ac0d000000] [id=16948]
  0x00000212ce3dd000 WatcherThread [stack: 0x000000ac0dc00000,0x000000ac0dd00000] [id=14792]

=>0x00000212a7fb3800 (exited) GCTaskThread [stack: 0x000000ac0cc00000,0x000000ac0cd00000] [id=42552]

VM state:at safepoint (normal execution)

VM Mutex/Monitor currently owned by a thread:  ([mutex/lock_event])
[0x00000212a7f919f0] Threads_lock - owner thread: 0x00000212ccc62800
[0x00000212a7f93600] Heap_lock - owner thread: 0x00000212cccd1000

heap address: 0x00000005c3800000, size: 8136 MB, Compressed Oops mode: Zero based, Oop shift amount: 3
Narrow klass base: 0x0000000000000000, Narrow klass shift: 3
Compressed class space size: 1073741824 Address: 0x00000007c0000000

Heap:
 PSYoungGen      total 152576K, used 71492K [0x0000000716800000, 0x0000000721200000, 0x00000007c0000000)
  eden space 131072K, 54% used [0x0000000716800000,0x000000071add1380,0x000000071e800000)
  from space 21504K, 0% used [0x000000071e800000,0x000000071e800000,0x000000071fd00000)
  to   space 21504K, 11% used [0x000000071fd00000,0x000000071ff80050,0x0000000721200000)
 ParOldGen       total 243712K, used 13550K [0x00000005c3800000, 0x00000005d2600000, 0x0000000716800000)
  object space 243712K, 5% used [0x00000005c3800000,0x00000005c453b8e0,0x00000005d2600000)
 Metaspace       used 34638K, capacity 35162K, committed 35496K, reserved 1079296K
  class space    used 4682K, capacity 4840K, committed 4912K, reserved 1048576K

Card table byte_map: [0x00000212b8e20000,0x00000212b9e10000] byte_map_base: 0x00000212b6004000

Marking Bits: (ParMarkBitMap*) 0x000000005ca48030
 Begin Bits: [0x00000212ba8b0000, 0x00000212c27d0000)
 End Bits:   [0x00000212c27d0000, 0x00000212ca6f0000)

Polling page: 0x00000212a99c0000

CodeCache: size=245760Kb used=7259Kb max_used=7269Kb free=238500Kb
 bounds [0x00000212a9a60000, 0x00000212aa190000, 0x00000212b8a60000]
 total_blobs=2517 nmethods=1988 adapters=449
 compilation: enabled

Compilation events (10 events):
Event: 643.215 Thread 0x00000212ccd0a000 1983       3       sun.misc.URLClassPath::findResource (47 bytes)
Event: 643.216 Thread 0x00000212ccd0a000 nmethod 1983 0x00000212aa15ba50 code [0x00000212aa15bbe0, 0x00000212aa15bfb0]
Event: 833.533 Thread 0x00000212ccd0a000 1984       3       java.net.URLClassLoader$2::run (5 bytes)
Event: 833.533 Thread 0x00000212ccd0a000 nmethod 1984 0x00000212aa15b510 code [0x00000212aa15b680, 0x00000212aa15b8f0]
Event: 833.533 Thread 0x00000212ccd0a000 1985       3       java.net.URLClassLoader$2::run (16 bytes)
Event: 833.534 Thread 0x00000212ccd0a000 nmethod 1985 0x00000212aa15b0d0 code [0x00000212aa15b240, 0x00000212aa15b430]
Event: 933.721 Thread 0x00000212ccd0a000 1986       3       sun.misc.URLClassPath$FileLoader::findResource (18 bytes)
Event: 933.721 Thread 0x00000212ccd0a000 nmethod 1986 0x00000212aa15ab90 code [0x00000212aa15ad00, 0x00000212aa15afe0]
Event: 943.730 Thread 0x00000212ccd0a000 1987       3       java.lang.Thread::getContextClassLoader (32 bytes)
Event: 943.731 Thread 0x00000212ccd0a000 nmethod 1987 0x00000212aa159b90 code [0x00000212aa159d80, 0x00000212aa15a700]

GC Heap History (5 events):
Event: 2.978 GC heap before
{Heap before GC invocations=1 (full 0):
 PSYoungGen      total 152576K, used 109344K [0x0000000716800000, 0x0000000721200000, 0x00000007c0000000)
  eden space 131072K, 83% used [0x0000000716800000,0x000000071d2c82e0,0x000000071e800000)
  from space 21504K, 0% used [0x000000071fd00000,0x000000071fd00000,0x0000000721200000)
  to   space 21504K, 0% used [0x000000071e800000,0x000000071e800000,0x000000071fd00000)
 ParOldGen       total 348160K, used 0K [0x00000005c3800000, 0x00000005d8c00000, 0x0000000716800000)
  object space 348160K, 0% used [0x00000005c3800000,0x00000005c3800000,0x00000005d8c00000)
 Metaspace       used 20772K, capacity 21132K, committed 21296K, reserved 1067008K
  class space    used 2705K, capacity 2817K, committed 2864K, reserved 1048576K
Event: 2.988 GC heap after
Heap after GC invocations=1 (full 0):
 PSYoungGen      total 152576K, used 14218K [0x0000000716800000, 0x0000000721200000, 0x00000007c0000000)
  eden space 131072K, 0% used [0x0000000716800000,0x0000000716800000,0x000000071e800000)
  from space 21504K, 66% used [0x000000071e800000,0x000000071f5e2850,0x000000071fd00000)
  to   space 21504K, 0% used [0x000000071fd00000,0x000000071fd00000,0x0000000721200000)
 ParOldGen       total 348160K, used 88K [0x00000005c3800000, 0x00000005d8c00000, 0x0000000716800000)
  object space 348160K, 0% used [0x00000005c3800000,0x00000005c3816010,0x00000005d8c00000)
 Metaspace       used 20772K, capacity 21132K, committed 21296K, reserved 1067008K
  class space    used 2705K, capacity 2817K, committed 2864K, reserved 1048576K
}
Event: 2.988 GC heap before
{Heap before GC invocations=2 (full 1):
 PSYoungGen      total 152576K, used 14218K [0x0000000716800000, 0x0000000721200000, 0x00000007c0000000)
  eden space 131072K, 0% used [0x0000000716800000,0x0000000716800000,0x000000071e800000)
  from space 21504K, 66% used [0x000000071e800000,0x000000071f5e2850,0x000000071fd00000)
  to   space 21504K, 0% used [0x000000071fd00000,0x000000071fd00000,0x0000000721200000)
 ParOldGen       total 348160K, used 88K [0x00000005c3800000, 0x00000005d8c00000, 0x0000000716800000)
  object space 348160K, 0% used [0x00000005c3800000,0x00000005c3816010,0x00000005d8c00000)
 Metaspace       used 20772K, capacity 21132K, committed 21296K, reserved 1067008K
  class space    used 2705K, capacity 2817K, committed 2864K, reserved 1048576K
Event: 3.018 GC heap after
Heap after GC invocations=2 (full 1):
 PSYoungGen      total 152576K, used 0K [0x0000000716800000, 0x0000000721200000, 0x00000007c0000000)
  eden space 131072K, 0% used [0x0000000716800000,0x0000000716800000,0x000000071e800000)
  from space 21504K, 0% used [0x000000071e800000,0x000000071e800000,0x000000071fd00000)
  to   space 21504K, 0% used [0x000000071fd00000,0x000000071fd00000,0x0000000721200000)
 ParOldGen       total 243712K, used 13542K [0x00000005c3800000, 0x00000005d2600000, 0x0000000716800000)
  object space 243712K, 5% used [0x00000005c3800000,0x00000005c45398e0,0x00000005d2600000)
 Metaspace       used 20772K, capacity 21132K, committed 21296K, reserved 1067008K
  class space    used 2705K, capacity 2817K, committed 2864K, reserved 1048576K
}
Event: 1267.784 GC heap before
{Heap before GC invocations=3 (full 1):
 PSYoungGen      total 152576K, used 71492K [0x0000000716800000, 0x0000000721200000, 0x00000007c0000000)
  eden space 131072K, 54% used [0x0000000716800000,0x000000071add12a0,0x000000071e800000)
  from space 21504K, 0% used [0x000000071e800000,0x000000071e800000,0x000000071fd00000)
  to   space 21504K, 0% used [0x000000071fd00000,0x000000071fd00000,0x0000000721200000)
 ParOldGen       total 243712K, used 13542K [0x00000005c3800000, 0x00000005d2600000, 0x0000000716800000)
  object space 243712K, 5% used [0x00000005c3800000,0x00000005c45398e0,0x00000005d2600000)
 Metaspace       used 34638K, capacity 35162K, committed 35496K, reserved 1079296K
  class space    used 4682K, capacity 4840K, committed 4912K, reserved 1048576K

Deoptimization events (10 events):
Event: 4.848 Thread 0x00000212a7f95800 Uncommon trap: reason=unhandled action=none pc=0x00000212aa060fa0 method=java.net.URLClassLoader.findClass(Ljava/lang/String;)Ljava/lang/Class; @ 44
Event: 4.849 Thread 0x00000212a7f95800 Uncommon trap: reason=unhandled action=none pc=0x00000212aa060fa0 method=java.net.URLClassLoader.findClass(Ljava/lang/String;)Ljava/lang/Class; @ 44
Event: 4.850 Thread 0x00000212a7f95800 Uncommon trap: reason=unhandled action=none pc=0x00000212aa060fa0 method=java.net.URLClassLoader.findClass(Ljava/lang/String;)Ljava/lang/Class; @ 44
Event: 4.852 Thread 0x00000212a7f95800 Uncommon trap: reason=unhandled action=none pc=0x00000212aa060fa0 method=java.net.URLClassLoader.findClass(Ljava/lang/String;)Ljava/lang/Class; @ 44
Event: 4.853 Thread 0x00000212a7f95800 Uncommon trap: reason=unhandled action=none pc=0x00000212aa060fa0 method=java.net.URLClassLoader.findClass(Ljava/lang/String;)Ljava/lang/Class; @ 44
Event: 4.854 Thread 0x00000212a7f95800 Uncommon trap: reason=unhandled action=none pc=0x00000212aa060fa0 method=java.net.URLClassLoader.findClass(Ljava/lang/String;)Ljava/lang/Class; @ 44
Event: 4.855 Thread 0x00000212a7f95800 Uncommon trap: reason=unhandled action=none pc=0x00000212aa060fa0 method=java.net.URLClassLoader.findClass(Ljava/lang/String;)Ljava/lang/Class; @ 44
Event: 4.855 Thread 0x00000212a7f95800 Uncommon trap: reason=unhandled action=none pc=0x00000212aa060fa0 method=java.net.URLClassLoader.findClass(Ljava/lang/String;)Ljava/lang/Class; @ 44
Event: 4.857 Thread 0x00000212a7f95800 Uncommon trap: reason=unhandled action=none pc=0x00000212aa060fa0 method=java.net.URLClassLoader.findClass(Ljava/lang/String;)Ljava/lang/Class; @ 44
Event: 4.858 Thread 0x00000212a7f95800 Uncommon trap: reason=unhandled action=none pc=0x00000212aa060fa0 method=java.net.URLClassLoader.findClass(Ljava/lang/String;)Ljava/lang/Class; @ 44

Classes redefined (10 events):
Event: 977.874 Thread 0x00000212ccc62800 redefined class name=com.akhilexpress.hibernate.hibernate_first_project.CreatedApp, count=21
Event: 987.602 Thread 0x00000212ccc62800 redefined class name=com.akhilexpress.hibernate.hibernate_first_project.CreatedApp, count=22
Event: 1035.160 Thread 0x00000212ccc62800 redefined class name=com.akhilexpress.hibernate.hibernate_first_project.CreatedApp, count=23
Event: 1119.664 Thread 0x00000212ccc62800 redefined class name=com.akhilexpress.hibernate.hibernate_first_project.CreatedApp, count=24
Event: 1131.767 Thread 0x00000212ccc62800 redefined class name=com.akhilexpress.hibernate.hibernate_first_project.CreatedApp, count=25
Event: 1154.313 Thread 0x00000212ccc62800 redefined class name=com.akhilexpress.hibernate.hibernate_first_project.CreatedApp, count=26
Event: 1193.771 Thread 0x00000212ccc62800 redefined class name=com.akhilexpress.hibernate.hibernate_first_project.CreatedApp, count=27
Event: 1198.681 Thread 0x00000212ccc62800 redefined class name=com.akhilexpress.hibernate.hibernate_first_project.CreatedApp, count=28
Event: 1206.594 Thread 0x00000212ccc62800 redefined class name=com.akhilexpress.hibernate.hibernate_first_project.CreatedApp, count=29
Event: 1262.301 Thread 0x00000212ccc62800 redefined class name=com.akhilexpress.hibernate.hibernate_first_project.CreatedApp, count=30

Internal exceptions (10 events):
Event: 0.613 Thread 0x00000212a7f95800 Exception <a 'java/security/PrivilegedActionException'> (0x000000071937abe0) thrown at [C:\jenkins\workspace\8-2-build-windows-amd64-cygwin\jdk8u311\1894\hotspot\src\share\vm\prims\jvm.cpp, line 1523]
Event: 0.614 Thread 0x00000212a7f95800 Exception <a 'java/security/PrivilegedActionException'> (0x000000071937ea38) thrown at [C:\jenkins\workspace\8-2-build-windows-amd64-cygwin\jdk8u311\1894\hotspot\src\share\vm\prims\jvm.cpp, line 1523]
Event: 0.614 Thread 0x00000212a7f95800 Exception <a 'java/security/PrivilegedActionException'> (0x000000071937ec48) thrown at [C:\jenkins\workspace\8-2-build-windows-amd64-cygwin\jdk8u311\1894\hotspot\src\share\vm\prims\jvm.cpp, line 1523]
Event: 0.703 Thread 0x00000212a7f95800 Exception <a 'java/lang/NoSuchFieldError': method resolution failed> (0x00000007195bf288) thrown at [C:\jenkins\workspace\8-2-build-windows-amd64-cygwin\jdk8u311\1894\hotspot\src\share\vm\prims\methodHandles.cpp, line 1169]
Event: 0.707 Thread 0x00000212a7f95800 Exception <a 'java/lang/NoSuchFieldError': method resolution failed> (0x00000007195cc5d8) thrown at [C:\jenkins\workspace\8-2-build-windows-amd64-cygwin\jdk8u311\1894\hotspot\src\share\vm\prims\methodHandles.cpp, line 1169]
Event: 1.166 Thread 0x00000212a7f95800 Exception <a 'java/lang/ClassNotFoundException': com/sun/org/glassfish/hk2/osgiresourcelocator/ServiceLoader> (0x000000071a406af8) thrown at [C:\jenkins\workspace\8-2-build-windows-amd64-cygwin\jdk8u311\1894\hotspot\src\share\vm\classfile\systemDictionary
Event: 1.214 Thread 0x00000212a7f95800 Exception <a 'java/lang/NullPointerException'> (0x000000071a67fbf8) thrown at [C:\jenkins\workspace\8-2-build-windows-amd64-cygwin\jdk8u311\1894\hotspot\src\share\vm\interpreter\linkResolver.cpp, line 1287]
Event: 1.423 Thread 0x00000212a7f95800 Implicit null exception at 0x00000212a9ca2059 to 0x00000212a9ca2549
Event: 3.747 Thread 0x00000212a7f95800 Exception <a 'java/lang/NoSuchMethodError': java.lang.Object.lambda$comparing$77a9974f$1(Ljava/util/function/Function;Ljava/lang/Object;Ljava/lang/Object;)I> (0x00000007183ebd40) thrown at [C:\jenkins\workspace\8-2-build-windows-amd64-cygwin\jdk8u311\1894
Event: 4.318 Thread 0x00000212a7f95800 Exception <a 'java/lang/NoSuchMethodError': java.lang.Object.lambda$static$0(Lorg/hibernate/loader/plan/spi/LoadPlan;Lorg/hibernate/loader/plan/exec/spi/AliasResolutionContext;Lorg/hibernate/loader/plan/exec/process/spi/ReaderCollector;ZZ)Lorg/hibernate/l

Events (10 events):
Event: 1262.315 Executing VM operation: ChangeBreakpoints done
Event: 1262.331 Executing VM operation: ChangeBreakpoints
Event: 1262.333 Executing VM operation: ChangeBreakpoints done
Event: 1262.346 Executing VM operation: ChangeBreakpoints
Event: 1262.347 Executing VM operation: ChangeBreakpoints done
Event: 1262.451 Executing VM operation: GetOwnedMonitorInfo
Event: 1262.452 Executing VM operation: GetOwnedMonitorInfo done
Event: 1262.452 Executing VM operation: GetCurrentContendedMonitor
Event: 1262.452 Executing VM operation: GetCurrentContendedMonitor done
Event: 1267.784 Executing VM operation: CollectForMetadataAllocation


Dynamic libraries:
0x00007ff7fb210000 - 0x00007ff7fb257000 	C:\Program Files\Java\jre1.8.0_311\bin\javaw.exe
0x00007fff23a50000 - 0x00007fff23c45000 	C:\WINDOWS\SYSTEM32\ntdll.dll
0x00007fff21d10000 - 0x00007fff21dce000 	C:\WINDOWS\System32\KERNEL32.DLL
0x00007fff215d0000 - 0x00007fff21898000 	C:\WINDOWS\System32\KERNELBASE.dll
0x00007fff21b90000 - 0x00007fff21c3e000 	C:\WINDOWS\System32\ADVAPI32.dll
0x00007fff238b0000 - 0x00007fff2394e000 	C:\WINDOWS\System32\msvcrt.dll
0x00007fff22980000 - 0x00007fff22a1c000 	C:\WINDOWS\System32\sechost.dll
0x00007fff23580000 - 0x00007fff236a5000 	C:\WINDOWS\System32\RPCRT4.dll
0x00007fff23710000 - 0x00007fff238b0000 	C:\WINDOWS\System32\USER32.dll
0x00007fff219b0000 - 0x00007fff219d2000 	C:\WINDOWS\System32\win32u.dll
0x00007fff21f60000 - 0x00007fff21f8a000 	C:\WINDOWS\System32\GDI32.dll
0x00007fff218a0000 - 0x00007fff219ab000 	C:\WINDOWS\System32\gdi32full.dll
0x00007fff21a10000 - 0x00007fff21aad000 	C:\WINDOWS\System32\msvcp_win.dll
0x00007fff21270000 - 0x00007fff21370000 	C:\WINDOWS\System32\ucrtbase.dll
0x00007fff03980000 - 0x00007fff03c1a000 	C:\WINDOWS\WinSxS\amd64_microsoft.windows.common-controls_6595b64144ccf1df_6.0.19041.1110_none_60b5254171f9507e\COMCTL32.dll
0x00007fff21b60000 - 0x00007fff21b90000 	C:\WINDOWS\System32\IMM32.DLL
0x00000212a9990000 - 0x00000212a99a4000 	C:\WINDOWS\System32\umppc15103.dll
0x00007ffee1e60000 - 0x00007ffee1e75000 	C:\Program Files\Java\jre1.8.0_311\bin\vcruntime140.dll
0x00007ffe80b30000 - 0x00007ffe80bcb000 	C:\Program Files\Java\jre1.8.0_311\bin\msvcp140.dll
0x000000005c260000 - 0x000000005cac0000 	C:\Program Files\Java\jre1.8.0_311\bin\server\jvm.dll
0x00007fff21f90000 - 0x00007fff21f98000 	C:\WINDOWS\System32\PSAPI.DLL
0x00007fff08770000 - 0x00007fff08779000 	C:\WINDOWS\SYSTEM32\WSOCK32.dll
0x00007fff22c70000 - 0x00007fff22cdb000 	C:\WINDOWS\System32\WS2_32.dll
0x00007ffef3d60000 - 0x00007ffef3d87000 	C:\WINDOWS\SYSTEM32\WINMM.dll
0x00007fff177a0000 - 0x00007fff177aa000 	C:\WINDOWS\SYSTEM32\VERSION.dll
0x00007fff1fa20000 - 0x00007fff1fa32000 	C:\WINDOWS\SYSTEM32\kernel.appcore.dll
0x00007fff06830000 - 0x00007fff06840000 	C:\Program Files\Java\jre1.8.0_311\bin\verify.dll
0x00007ffeed050000 - 0x00007ffeed07b000 	C:\Program Files\Java\jre1.8.0_311\bin\java.dll
0x00007ffee6fb0000 - 0x00007ffee6fe6000 	C:\Program Files\Java\jre1.8.0_311\bin\jdwp.dll
0x00007fff1af20000 - 0x00007fff1af29000 	C:\Program Files\Java\jre1.8.0_311\bin\npt.dll
0x00007ffeed030000 - 0x00007ffeed048000 	C:\Program Files\Java\jre1.8.0_311\bin\zip.dll
0x00007fff22230000 - 0x00007fff22974000 	C:\WINDOWS\System32\SHELL32.dll
0x00007fff1f230000 - 0x00007fff1f9c4000 	C:\WINDOWS\SYSTEM32\windows.storage.dll
0x00007fff231f0000 - 0x00007fff23544000 	C:\WINDOWS\System32\combase.dll
0x00007fff20b10000 - 0x00007fff20b3c000 	C:\WINDOWS\SYSTEM32\Wldp.dll
0x00007fff21ab0000 - 0x00007fff21b5d000 	C:\WINDOWS\System32\SHCORE.dll
0x00007fff239b0000 - 0x00007fff23a05000 	C:\WINDOWS\System32\shlwapi.dll
0x00007fff210b0000 - 0x00007fff210cf000 	C:\WINDOWS\SYSTEM32\profapi.dll
0x00007fff1a850000 - 0x00007fff1a85a000 	C:\Program Files\Java\jre1.8.0_311\bin\dt_socket.dll
0x00007fff00c50000 - 0x00007fff00c67000 	C:\WINDOWS\system32\napinsp.dll
0x00007ffef62f0000 - 0x00007ffef630b000 	C:\WINDOWS\system32\pnrpnsp.dll
0x00007fff1c6f0000 - 0x00007fff1c70d000 	C:\WINDOWS\system32\NLAapi.dll
0x00007fff20560000 - 0x00007fff2059b000 	C:\WINDOWS\SYSTEM32\IPHLPAPI.DLL
0x00007fff1bb90000 - 0x00007fff1bba5000 	C:\WINDOWS\system32\wshbth.dll
0x00007fff20870000 - 0x00007fff208da000 	C:\WINDOWS\System32\mswsock.dll
0x00007fff205a0000 - 0x00007fff2066b000 	C:\WINDOWS\SYSTEM32\DNSAPI.dll
0x00007fff23570000 - 0x00007fff23578000 	C:\WINDOWS\System32\NSI.dll
0x00007ffef62d0000 - 0x00007ffef62e2000 	C:\WINDOWS\System32\winrnr.dll
0x00007fff0ee50000 - 0x00007fff0eecf000 	C:\WINDOWS\System32\fwpuclnt.dll
0x00007fff219e0000 - 0x00007fff21a07000 	C:\WINDOWS\System32\bcrypt.dll
0x00007fff0eac0000 - 0x00007fff0eaca000 	C:\Windows\System32\rasadhlp.dll
0x00007fff20a70000 - 0x00007fff20a88000 	C:\WINDOWS\SYSTEM32\CRYPTSP.dll
0x00007fff201f0000 - 0x00007fff20224000 	C:\WINDOWS\system32\rsaenh.dll
0x00007fff21070000 - 0x00007fff2109e000 	C:\WINDOWS\SYSTEM32\USERENV.dll
0x00007fff213e0000 - 0x00007fff21462000 	C:\WINDOWS\System32\bcryptprimitives.dll
0x00007fff20a60000 - 0x00007fff20a6c000 	C:\WINDOWS\SYSTEM32\CRYPTBASE.dll
0x00007ffeed010000 - 0x00007ffeed02c000 	C:\Program Files\Java\jre1.8.0_311\bin\net.dll
0x00007fff15db0000 - 0x00007fff15dc7000 	C:\WINDOWS\SYSTEM32\dhcpcsvc6.DLL
0x00007fff17890000 - 0x00007fff178ad000 	C:\WINDOWS\SYSTEM32\dhcpcsvc.DLL
0x00007ffeecff0000 - 0x00007ffeed003000 	C:\Program Files\Java\jre1.8.0_311\bin\nio.dll
0x00007ffeece00000 - 0x00007ffeece24000 	C:\Program Files\Java\jre1.8.0_311\bin\sunec.dll
0x00007ffefe850000 - 0x00007ffefe85d000 	C:\Program Files\Java\jre1.8.0_311\bin\sunmscapi.dll
0x00007fff21470000 - 0x00007fff215c6000 	C:\WINDOWS\System32\CRYPT32.dll
0x00007fff20be0000 - 0x00007fff20c07000 	C:\WINDOWS\SYSTEM32\ncrypt.dll
0x00007fff20ba0000 - 0x00007fff20bdb000 	C:\WINDOWS\SYSTEM32\NTASN1.dll
0x00007fff1ee00000 - 0x00007fff1efe4000 	C:\WINDOWS\SYSTEM32\dbghelp.dll

VM Arguments:
jvm_args: -agentlib:jdwp=transport=dt_socket,suspend=y,address=localhost:51327 -Dfile.encoding=Cp1252 
java_command: com.akhilexpress.hibernate.hibernate_first_project.CreatedApp
java_class_path (initial): C:\Users\Amiseq\workspace\Spring_REST_Template\hibernate-project3_HQL\target\classes;C:\Users\Amiseq\.m2\repository\org\hibernate\hibernate-core\5.5.7.Final\hibernate-core-5.5.7.Final.jar;C:\Users\Amiseq\.m2\repository\org\jboss\logging\jboss-logging\3.4.2.Final\jboss-logging-3.4.2.Final.jar;C:\Users\Amiseq\.m2\repository\javax\persistence\javax.persistence-api\2.2\javax.persistence-api-2.2.jar;C:\Users\Amiseq\.m2\repository\org\javassist\javassist\3.27.0-GA\javassist-3.27.0-GA.jar;C:\Users\Amiseq\.m2\repository\net\bytebuddy\byte-buddy\1.11.12\byte-buddy-1.11.12.jar;C:\Users\Amiseq\.m2\repository\antlr\antlr\2.7.7\antlr-2.7.7.jar;C:\Users\Amiseq\.m2\repository\org\jboss\spec\javax\transaction\jboss-transaction-api_1.2_spec\1.1.1.Final\jboss-transaction-api_1.2_spec-1.1.1.Final.jar;C:\Users\Amiseq\.m2\repository\org\jboss\jandex\2.2.3.Final\jandex-2.2.3.Final.jar;C:\Users\Amiseq\.m2\repository\com\fasterxml\classmate\1.5.1\classmate-1.5.1.jar;C:\Users\Amiseq\.m2\repository\javax\activation\javax.activation-api\1.2.0\javax.activation-api-1.2.0.jar;C:\Users\Amiseq\.m2\repository\org\hibernate\common\hibernate-commons-annotations\5.1.2.Final\hibernate-commons-annotations-5.1.2.Final.jar;C:\Users\Amiseq\.m2\repository\javax\xml\bind\jaxb-api\2.3.1\jaxb-api-2.3.1.jar;C:\Users\Amiseq\.m2\repository\org\glassfish\jaxb\jaxb-runtime\2.3.1\jaxb-runtime-2.3.1.jar;C:\Users\Amiseq\.m2\repository\org\glassfish\jaxb\txw2\2.3.1\txw2-2.3.1.jar;C:\Users\Amiseq\.m2\repository\com\sun\istack\istack-commons-runtime\3.0.7\istack-commons-runtime-3.0.7.jar;C:\Users\Amiseq\.m2\repository\org\jvnet\staxex\stax-ex\1.8\stax-ex-1.8.jar;C:\Users\Amiseq\.m2\repository\com\sun\xml\fastinfoset\FastInfoset\1.2.15\FastInfoset-1.2.15.jar;C:\Users\Amiseq\.m2\repository\mysql\mysql-connector-java\8.0.29\mysql-connector-java-8.0.29.jar;C:\Users\Amiseq\.m2\repository\com\google\protobuf\protobuf-java\3.19.4\protobuf-java-3.19.4.jar
Launcher Type: SUN_STANDARD

Environment Variables:
PATH=C:/Program Files/Java/jre1.8.0_311/bin/server;C:/Program Files/Java/jre1.8.0_311/bin;C:/Program Files/Java/jre1.8.0_311/lib/amd64;C:\Python310\Scripts\;C:\Python310\;C:\Program Files (x86)\Common Files\Oracle\Java\javapath;C:\WINDOWS\system32;C:\WINDOWS;C:\WINDOWS\System32\Wbem;C:\WINDOWS\System32\WindowsPowerShell\v1.0\;C:\WINDOWS\System32\OpenSSH\;C:\Program Files (x86)\Pulse Secure\VC142.CRT\X64\;C:\Program Files (x86)\Pulse Secure\VC142.CRT\X86\;C:\Program Files\Java\jdk1.8.0_311\bin;C:\Program Files\nodejs\;C:\ProgramData\chocolatey\bin;C:\Program Files\Microsoft VS Code\bin;C:\Program Files\Git\cmd;C:\Program Files\Java\jdk1.8.0_311\bin;C:\Users\Amiseq\AppData\Roaming\npm;C:\Users\Amiseq\AppData\Roaming\npm;;C:\WINDOWS\system32;
USERNAME=Amiseq
OS=Windows_NT
PROCESSOR_IDENTIFIER=Intel64 Family 6 Model 142 Stepping 12, GenuineIntel



---------------  S Y S T E M  ---------------

OS: Windows 10.0 , 64 bit Build 19041 (10.0.19041.1645)

CPU:total 8 (initial active 8) (4 cores per cpu, 2 threads per core) family 6 model 142 stepping 12, cmov, cx8, fxsr, mmx, sse, sse2, sse3, ssse3, sse4.1, sse4.2, popcnt, avx, avx2, aes, clmul, erms, 3dnowpref, lzcnt, ht, tsc, tscinvbit, bmi1, bmi2, adx

Memory: 4k page, physical 33317400k(13081976k free), swap 54192992k(8872672k free)

vm_info: Java HotSpot(TM) 64-Bit Server VM (25.311-b11) for windows-amd64 JRE (1.8.0_311-b11), built on Sep 27 2021 05:15:14 by "java_re" with MS VC++ 15.9 (VS2017)

time: Sat May  7 18:15:09 2022
timezone: India Standard Time
elapsed time: 1267.828900 seconds (0d 0h 21m 7s)

